Watching for file changes with StatReloader
Waiting for apps ready_event.
Apps ready_event triggered. Sending autoreload_started signal.
(0.000) 
            SELECT name, type FROM sqlite_master
            WHERE type in ('table', 'view') AND NOT name='sqlite_sequence'
            ORDER BY name; args=None; alias=default
File C:\Users\User\Desktop\Python_projects\Django\Simple\.venv\Lib\site-packages\django\db\backends\base\validation.py first seen with mtime 1692954389.9072437
File C:\Users\User\AppData\Local\Programs\Python\Python310\Lib\email\message.py first seen with mtime 1648066904.0
File C:\Users\User\AppData\Local\Programs\Python\Python310\Lib\email\policy.py first seen with mtime 1648066904.0
File C:\Users\User\Desktop\Python_projects\Django\Simple\.venv\Lib\site-packages\django\core\cache\backends\locmem.py first seen with mtime 1692954389.7994025
File C:\Users\User\Desktop\Python_projects\Django\Simple\.venv\Lib\site-packages\django\core\serializers\__init__.py first seen with mtime 1692954389.8778062
File C:\Users\User\Desktop\Python_projects\Django\Simple\.venv\Lib\site-packages\django\db\backends\utils.py first seen with mtime 1692954389.89344
File C:\Users\User\Desktop\Python_projects\Django\Simple\.venv\Lib\site-packages\django\db\models\signals.py first seen with mtime 1692954389.9734802
File C:\Users\User\Desktop\Python_projects\Django\Simple\.venv\Lib\site-packages\django\db\backends\sqlite3\_functions.py first seen with mtime 1692954389.9419022
File C:\Users\User\Desktop\Python_projects\Django\Simple\.venv\Lib\site-packages\django\template\backends\base.py first seen with mtime 1692954390.1224213
File C:\Users\User\Desktop\Python_projects\Django\Simple\.venv\Lib\site-packages\django\views\decorators\__init__.py first seen with mtime 1692954390.2011552
File C:\Users\User\Desktop\Python_projects\Django\Simple\.venv\Lib\site-packages\django\core\checks\async_checks.py first seen with mtime 1692954389.7994025
File C:\Users\User\Desktop\Python_projects\Django\Simple\.venv\Lib\site-packages\django\utils\translation\trans_real.py first seen with mtime 1692954390.1954107
File C:\Users\User\Desktop\Python_projects\Django\Simple\.venv\Lib\site-packages\django\http\response.py first seen with mtime 1692954390.0952973
File C:\Users\User\Desktop\Python_projects\Django\Simple\.venv\Lib\site-packages\django\utils\numberformat.py first seen with mtime 1692954390.173503
File C:\Users\User\AppData\Local\Programs\Python\Python310\Lib\wsgiref\simple_server.py first seen with mtime 1648066906.0
File C:\Users\User\AppData\Local\Programs\Python\Python310\Lib\email\base64mime.py first seen with mtime 1648066904.0
File C:\Users\User\Desktop\Python_projects\Django\Simple\.venv\Lib\site-packages\django\contrib\staticfiles\views.py first seen with mtime 1692954389.7848938
File C:\Users\User\Desktop\Python_projects\Django\Simple\.venv\Lib\site-packages\django\core\mail\__init__.py first seen with mtime 1692954389.845212
File C:\Users\User\Desktop\Python_projects\Django\Simple\.venv\Lib\site-packages\django\dispatch\__init__.py first seen with mtime 1692954390.0075529
File C:\Users\User\Desktop\Python_projects\Django\Simple\.venv\Lib\site-packages\django\utils\encoding.py first seen with mtime 1692954390.1578698
File C:\Users\User\AppData\Local\Programs\Python\Python310\Lib\warnings.py first seen with mtime 1648066906.0
File C:\Users\User\Desktop\Python_projects\Django\Simple\.venv\Lib\site-packages\django\core\management\__init__.py first seen with mtime 1692954389.849124
File C:\Users\User\Desktop\Python_projects\Django\Simple\.venv\Lib\site-packages\django\core\signals.py first seen with mtime 1692954389.7848938
File C:\Users\User\AppData\Local\Programs\Python\Python310\Lib\http\__init__.py first seen with mtime 1648066904.0
File C:\Users\User\Desktop\Python_projects\Django\Simple\.venv\Lib\site-packages\django\contrib\messages\__init__.py first seen with mtime 1692954388.7785192
File C:\Users\User\AppData\Local\Programs\Python\Python310\Lib\tokenize.py first seen with mtime 1648066904.0
File C:\Users\User\Desktop\Python_projects\Django\Simple\.venv\Lib\site-packages\django\utils\datastructures.py first seen with mtime 1692954390.1578698
File C:\Users\User\AppData\Local\Programs\Python\Python310\Lib\email\contentmanager.py first seen with mtime 1648066904.0
File C:\Users\User\Desktop\Python_projects\Django\Simple\.venv\Lib\site-packages\django\contrib\auth\management\__init__.py first seen with mtime 1692954387.353879
File C:\Users\User\Desktop\Python_projects\Django\Simple\.venv\Lib\site-packages\sqlparse\lexer.py first seen with mtime 1692954384.7842298
File C:\Users\User\AppData\Local\Programs\Python\Python310\Lib\asyncio\transports.py first seen with mtime 1648066904.0
File C:\Users\User\Desktop\Python_projects\Django\Simple\.venv\Lib\site-packages\django\utils\functional.py first seen with mtime 1692954390.1578698
File C:\Users\User\Desktop\Python_projects\Django\Simple\.venv\Lib\site-packages\django\contrib\auth\admin.py first seen with mtime 1692954387.117056
File C:\Users\User\Desktop\Python_projects\Django\Simple\.venv\Lib\site-packages\django\middleware\security.py first seen with mtime 1692954390.1053317
File C:\Users\User\Desktop\Python_projects\Django\Simple\.venv\Lib\site-packages\django\templatetags\tz.py first seen with mtime 1692954390.1361194
File C:\Users\User\Desktop\Python_projects\Django\Simple\.venv\Lib\site-packages\django\contrib\admin\templatetags\log.py first seen with mtime 1692954386.8515604
File C:\Users\User\AppData\Local\Programs\Python\Python310\Lib\ctypes\_endian.py first seen with mtime 1648066904.0
File C:\Users\User\Desktop\Python_projects\Django\Simple\.venv\Lib\site-packages\django\template\base.py first seen with mtime 1692954390.1103375
File C:\Users\User\Desktop\Python_projects\Django\Simple\.venv\Lib\site-packages\django\contrib\sessions\__init__.py first seen with mtime 1692954389.2583964
File C:\Users\User\Desktop\Python_projects\Django\Simple\.venv\Lib\site-packages\django\contrib\sessions\apps.py first seen with mtime 1692954389.2594397
File C:\Users\User\Desktop\Python_projects\Django\Simple\.venv\Lib\site-packages\django\utils\log.py first seen with mtime 1692954390.173503
File C:\Users\User\Desktop\Python_projects\Django\Simple\.venv\Lib\site-packages\django\db\migrations\operations\base.py first seen with mtime 1692954389.9669552
File C:\Users\User\Desktop\Python_projects\Django\Simple\.venv\Lib\site-packages\django\db\models\functions\text.py first seen with mtime 1692954390.0003786
File C:\Users\User\AppData\Local\Programs\Python\Python310\Lib\asyncio\streams.py first seen with mtime 1648066904.0
File C:\Users\User\Desktop\Python_projects\Django\Simple\.venv\Lib\site-packages\django\contrib\contenttypes\fields.py first seen with mtime 1692954387.3760934
File C:\Users\User\Desktop\Python_projects\Django\Simple\.venv\Lib\site-packages\django\template\library.py first seen with mtime 1692954390.1157322
File C:\Users\User\Desktop\Python_projects\Django\Simple\.venv\Lib\site-packages\django\forms\models.py first seen with mtime 1692954390.0199108
File C:\Users\User\AppData\Local\Programs\Python\Python310\Lib\email\mime\nonmultipart.py first seen with mtime 1648066904.0
File C:\Users\User\AppData\Local\Programs\Python\Python310\Lib\re.py first seen with mtime 1648066904.0
File C:\Users\User\AppData\Local\Programs\Python\Python310\Lib\asyncio\log.py first seen with mtime 1648066904.0
File C:\Users\User\AppData\Local\Programs\Python\Python310\Lib\io.py first seen with mtime 1648066904.0
File C:\Users\User\Desktop\Python_projects\Django\Simple\.venv\Lib\site-packages\django\core\checks\compatibility\__init__.py first seen with mtime 1692954389.819944
File C:\Users\User\AppData\Local\Programs\Python\Python310\Lib\ntpath.py first seen with mtime 1662376652.0
File C:\Users\User\Desktop\Python_projects\Django\Simple\.venv\Lib\site-packages\django\core\checks\translation.py first seen with mtime 1692954389.8166716
File C:\Users\User\AppData\Local\Programs\Python\Python310\Lib\pickle.py first seen with mtime 1662376652.0
File C:\Users\User\AppData\Local\Programs\Python\Python310\Lib\asyncio\format_helpers.py first seen with mtime 1648066904.0
File C:\Users\User\Desktop\Python_projects\Django\Simple\.venv\Lib\site-packages\django\db\models\expressions.py first seen with mtime 1692954389.9734802
File C:\Users\User\Desktop\Python_projects\Django\Simple\.venv\Lib\site-packages\django\db\models\sql\datastructures.py first seen with mtime 1692954390.006457
File C:\Users\User\AppData\Local\Programs\Python\Python310\Lib\http\client.py first seen with mtime 1662376652.0
File C:\Users\User\AppData\Local\Programs\Python\Python310\Lib\asyncio\sslproto.py first seen with mtime 1648066904.0
File C:\Users\User\Desktop\Python_projects\Django\Simple\.venv\Lib\site-packages\django\db\models\fields\json.py first seen with mtime 1692954389.9884896
File C:\Users\User\AppData\Local\Programs\Python\Python310\Lib\uu.py first seen with mtime 1648066906.0
File C:\Users\User\Desktop\Python_projects\Django\Simple\.venv\Lib\site-packages\django\contrib\messages\storage\__init__.py first seen with mtime 1692954388.7900262
File C:\Users\User\Desktop\Python_projects\Django\Simple\.venv\Lib\site-packages\django\contrib\admin\templatetags\admin_list.py first seen with mtime 1692954386.8515604
File C:\Users\User\AppData\Local\Programs\Python\Python310\Lib\sqlite3\__init__.py first seen with mtime 1662376652.0
File C:\Users\User\Desktop\Python_projects\Django\Simple\.venv\Lib\site-packages\django\db\migrations\operations\fields.py first seen with mtime 1692954389.967461
File C:\Users\User\AppData\Local\Programs\Python\Python310\Lib\importlib\util.py first seen with mtime 1648066904.0
File C:\Users\User\Desktop\Python_projects\Django\Simple\.venv\Lib\site-packages\django\views\decorators\debug.py first seen with mtime 1692954390.205518
File C:\Users\User\Desktop\Python_projects\Django\Simple\.venv\Lib\site-packages\django\template\loaders\filesystem.py first seen with mtime 1692954390.128476
File C:\Users\User\Desktop\Python_projects\Django\Simple\.venv\Lib\site-packages\django\forms\fields.py first seen with mtime 1692954390.0160384
File C:\Users\User\AppData\Local\Programs\Python\Python310\Lib\hmac.py first seen with mtime 1648066904.0
File C:\Users\User\AppData\Local\Programs\Python\Python310\Lib\json\scanner.py first seen with mtime 1648066904.0
File C:\Users\User\Desktop\Python_projects\Django\Simple\.venv\Lib\site-packages\sqlparse\keywords.py first seen with mtime 1692954384.7837212
File C:\Users\User\Desktop\Python_projects\Django\Simple\.venv\Lib\site-packages\django\db\migrations\operations\special.py first seen with mtime 1692954389.967461
File C:\Users\User\Desktop\Python_projects\Django\Simple\.venv\Lib\site-packages\django\template\loaders\base.py first seen with mtime 1692954390.128476
File C:\Users\User\Desktop\Python_projects\Django\Simple\.venv\Lib\site-packages\django\core\cache\backends\__init__.py first seen with mtime 1692954389.7994025
File C:\Users\User\Desktop\Python_projects\Django\Simple\.venv\Lib\site-packages\django\utils\hashable.py first seen with mtime 1692954390.1578698
File C:\Users\User\Desktop\Python_projects\Django\Simple\.venv\Lib\site-packages\django\contrib\admin\actions.py first seen with mtime 1692954386.2852302
File C:\Users\User\Desktop\Python_projects\Django\Simple\.venv\Lib\site-packages\django\utils\http.py first seen with mtime 1692954390.173503
File C:\Users\User\AppData\Local\Programs\Python\Python310\Lib\lzma.py first seen with mtime 1648066904.0
File C:\Users\User\Desktop\Python_projects\Django\Simple\.venv\Lib\site-packages\django\contrib\sessions\models.py first seen with mtime 1692954389.263759
File C:\Users\User\AppData\Local\Programs\Python\Python310\DLLs\unicodedata.pyd first seen with mtime 1662376696.0
File C:\Users\User\Desktop\Python_projects\Django\Simple\.venv\Lib\site-packages\django\core\files\__init__.py first seen with mtime 1692954389.82045
File C:\Users\User\Desktop\Python_projects\Django\Simple\.venv\Lib\site-packages\django\middleware\cache.py first seen with mtime 1692954390.0952973
File C:\Users\User\Desktop\Python_projects\Django\Simple\.venv\Lib\site-packages\sqlparse\cli.py first seen with mtime 1692954384.7803416
File C:\Users\User\AppData\Local\Programs\Python\Python310\Lib\email\errors.py first seen with mtime 1648066904.0
File C:\Users\User\AppData\Local\Programs\Python\Python310\Lib\ssl.py first seen with mtime 1662376652.0
File C:\Users\User\AppData\Local\Programs\Python\Python310\Lib\pkgutil.py first seen with mtime 1648066904.0
File C:\Users\User\Desktop\Python_projects\Django\Simple\.venv\Lib\site-packages\django\utils\timesince.py first seen with mtime 1692954390.185668
File C:\Users\User\AppData\Local\Programs\Python\Python310\Lib\fractions.py first seen with mtime 1648066904.0
File C:\Users\User\Desktop\Python_projects\Django\Simple\.venv\Lib\site-packages\django\forms\widgets.py first seen with mtime 1692954390.0211291
File C:\Users\User\Desktop\Python_projects\Django\Simple\.venv\Lib\site-packages\django\contrib\contenttypes\forms.py first seen with mtime 1692954387.3781035
File C:\Users\User\Desktop\Python_projects\Django\Simple\.venv\Lib\site-packages\django\db\models\query.py first seen with mtime 1692954389.9734802
File C:\Users\User\Desktop\Python_projects\Django\Simple\.venv\Lib\site-packages\django\db\backends\sqlite3\base.py first seen with mtime 1692954389.9419022
File C:\Users\User\AppData\Local\Programs\Python\Python310\Lib\importlib\_abc.py first seen with mtime 1648066904.0
File C:\Users\User\AppData\Local\Programs\Python\Python310\DLLs\_asyncio.pyd first seen with mtime 1662376694.0
File C:\Users\User\AppData\Local\Programs\Python\Python310\Lib\subprocess.py first seen with mtime 1662376652.0
File C:\Users\User\Desktop\Python_projects\Django\Simple\.venv\Lib\site-packages\django\db\models\enums.py first seen with mtime 1692954389.9734802
File C:\Users\User\Desktop\Python_projects\Django\Simple\.venv\Lib\site-packages\django\contrib\admin\templatetags\admin_urls.py first seen with mtime 1692954386.8515604
File C:\Users\User\Desktop\Python_projects\Django\Simple\.venv\Lib\site-packages\sqlparse\engine\grouping.py first seen with mtime 1692954384.787065
File C:\Users\User\Desktop\Python_projects\Django\Simple\.venv\Lib\site-packages\django\core\checks\compatibility\django_4_0.py first seen with mtime 1692954389.82045
File C:\Users\User\Desktop\Python_projects\Django\Simple\maincourse\main\admin.py first seen with mtime 1692955315.2307727
File C:\Users\User\Desktop\Python_projects\Django\Simple\.venv\Lib\site-packages\django\contrib\staticfiles\handlers.py first seen with mtime 1692954389.7798114
File C:\Users\User\Desktop\Python_projects\Django\Simple\.venv\Lib\site-packages\django\contrib\contenttypes\__init__.py first seen with mtime 1692954387.373401
File C:\Users\User\Desktop\Python_projects\Django\Simple\.venv\Lib\site-packages\django\contrib\admin\options.py first seen with mtime 1692954386.294839
File C:\Users\User\Desktop\Python_projects\Django\Simple\.venv\Lib\site-packages\django\contrib\contenttypes\apps.py first seen with mtime 1692954387.3760934
File C:\Users\User\Desktop\Python_projects\Django\Simple\.venv\Lib\site-packages\django\template\backends\__init__.py first seen with mtime 1692954390.1224213
File C:\Users\User\Desktop\Python_projects\Django\Simple\.venv\Lib\site-packages\django\urls\__init__.py first seen with mtime 1692954390.144362
File C:\Users\User\AppData\Local\Programs\Python\Python310\Lib\multiprocessing\process.py first seen with mtime 1662376652.0
File C:\Users\User\Desktop\Python_projects\Django\Simple\.venv\Lib\site-packages\django\http\__init__.py first seen with mtime 1692954390.0952973
File C:\Users\User\AppData\Local\Programs\Python\Python310\Lib\tempfile.py first seen with mtime 1662376652.0
File C:\Users\User\Desktop\Python_projects\Django\Simple\.venv\Lib\site-packages\sqlparse\engine\statement_splitter.py first seen with mtime 1692954384.787065
File C:\Users\User\AppData\Local\Programs\Python\Python310\Lib\locale.py first seen with mtime 1648066904.0
File C:\Users\User\AppData\Local\Programs\Python\Python310\Lib\site.py first seen with mtime 1648066904.0
File C:\Users\User\Desktop\Python_projects\Django\Simple\.venv\Lib\site-packages\django\utils\deconstruct.py first seen with mtime 1692954390.1578698
File C:\Users\User\Desktop\Python_projects\Django\Simple\.venv\Lib\site-packages\django\core\checks\files.py first seen with mtime 1692954389.8136072
File C:\Users\User\AppData\Local\Programs\Python\Python310\Lib\asyncio\base_subprocess.py first seen with mtime 1648066904.0
File C:\Users\User\AppData\Local\Programs\Python\Python310\Lib\email\__init__.py first seen with mtime 1648066904.0
File C:\Users\User\Desktop\Python_projects\Django\Simple\.venv\Lib\site-packages\sqlparse\engine\filter_stack.py first seen with mtime 1692954384.787065
File C:\Users\User\Desktop\Python_projects\Django\Simple\.venv\Lib\site-packages\django\core\management\commands\runserver.py first seen with mtime 1692954389.8752992
File C:\Users\User\Desktop\Python_projects\Django\Simple\.venv\Lib\site-packages\django\contrib\staticfiles\__init__.py first seen with mtime 1692954389.778084
File C:\Users\User\Desktop\Python_projects\Django\Simple\.venv\Lib\site-packages\django\views\decorators\csrf.py first seen with mtime 1692954390.2034974
File C:\Users\User\AppData\Local\Programs\Python\Python310\Lib\asyncio\protocols.py first seen with mtime 1648066904.0
File C:\Users\User\Desktop\Python_projects\Django\Simple\.venv\Lib\site-packages\django\db\models\fields\reverse_related.py first seen with mtime 1692954389.9950974
File C:\Users\User\AppData\Local\Programs\Python\Python310\Lib\importlib\__init__.py first seen with mtime 1648066904.0
File C:\Users\User\Desktop\Python_projects\Django\Simple\.venv\Lib\site-packages\django\utils\version.py first seen with mtime 1692954390.187861
File C:\Users\User\Desktop\Python_projects\Django\Simple\.venv\Lib\site-packages\django\db\backends\base\base.py first seen with mtime 1692954389.89344
File C:\Users\User\Desktop\Python_projects\Django\Simple\.venv\Lib\site-packages\django\utils\connection.py first seen with mtime 1692954390.1578698
File C:\Users\User\Desktop\Python_projects\Django\Simple\.venv\Lib\site-packages\django\contrib\auth\signals.py first seen with mtime 1692954387.130176
File C:\Users\User\Desktop\Python_projects\Django\Simple\.venv\Lib\site-packages\django\contrib\sessions\exceptions.py first seen with mtime 1692954389.2610197
File C:\Users\User\Desktop\Python_projects\Django\Simple\.venv\Lib\site-packages\django\template\loader_tags.py first seen with mtime 1692954390.118739
File C:\Users\User\Desktop\Python_projects\Django\Simple\.venv\Lib\site-packages\django\utils\tree.py first seen with mtime 1692954390.187861
File C:\Users\User\AppData\Local\Programs\Python\Python310\Lib\decimal.py first seen with mtime 1648066904.0
File C:\Users\User\Desktop\Python_projects\Django\Simple\.venv\Lib\site-packages\django\db\backends\ddl_references.py first seen with mtime 1692954389.89344
File C:\Users\User\AppData\Local\Programs\Python\Python310\Lib\asyncio\futures.py first seen with mtime 1662376652.0
File C:\Users\User\Desktop\Python_projects\Django\Simple\.venv\Lib\site-packages\django\core\handlers\asgi.py first seen with mtime 1692954389.8409364
File C:\Users\User\AppData\Local\Programs\Python\Python310\DLLs\_queue.pyd first seen with mtime 1662376694.0
File C:\Users\User\Desktop\Python_projects\Django\Simple\.venv\Lib\site-packages\django\contrib\admin\filters.py first seen with mtime 1692954386.294839
File C:\Users\User\AppData\Local\Programs\Python\Python310\Lib\token.py first seen with mtime 1648066904.0
File C:\Users\User\AppData\Local\Programs\Python\Python310\Lib\zoneinfo\_tzpath.py first seen with mtime 1648066906.0
File C:\Users\User\Desktop\Python_projects\Django\Simple\.venv\Lib\site-packages\django\views\debug.py first seen with mtime 1692954390.1977472
File C:\Users\User\Desktop\Python_projects\Django\Simple\.venv\Lib\site-packages\django\db\models\functions\math.py first seen with mtime 1692954390.0003786
File C:\Users\User\Desktop\Python_projects\Django\Simple\.venv\Lib\site-packages\django\views\decorators\common.py first seen with mtime 1692954390.2034974
File C:\Users\User\Desktop\Python_projects\Django\Simple\.venv\Lib\site-packages\django\template\__init__.py first seen with mtime 1692954390.1053317
File C:\Users\User\Desktop\Python_projects\Django\Simple\.venv\Lib\site-packages\django\db\migrations\__init__.py first seen with mtime 1692954389.9450867
File C:\Users\User\Desktop\Python_projects\Django\Simple\.venv\Lib\site-packages\django\db\migrations\operations\__init__.py first seen with mtime 1692954389.9658537
File C:\Users\User\AppData\Local\Programs\Python\Python310\Lib\bz2.py first seen with mtime 1648066904.0
File C:\Users\User\AppData\Local\Programs\Python\Python310\Lib\gettext.py first seen with mtime 1648066904.0
File C:\Users\User\Desktop\Python_projects\Django\Simple\.venv\Lib\site-packages\django\utils\module_loading.py first seen with mtime 1692954390.173503
File C:\Users\User\Desktop\Python_projects\Django\Simple\.venv\Lib\site-packages\django\contrib\__init__.py first seen with mtime 1692954386.2852302
File C:\Users\User\AppData\Local\Programs\Python\Python310\Lib\fnmatch.py first seen with mtime 1662376652.0
File C:\Users\User\AppData\Local\Programs\Python\Python310\Lib\asyncio\constants.py first seen with mtime 1648066904.0
File C:\Users\User\AppData\Local\Programs\Python\Python310\Lib\email\_policybase.py first seen with mtime 1648066904.0
File C:\Users\User\Desktop\Python_projects\Django\Simple\.venv\Lib\site-packages\django\template\defaulttags.py first seen with mtime 1692954390.1157322
File C:\Users\User\Desktop\Python_projects\Django\Simple\.venv\Lib\site-packages\sqlparse\formatter.py first seen with mtime 1692954384.7813644
File C:\Users\User\AppData\Local\Programs\Python\Python310\Lib\json\encoder.py first seen with mtime 1648066904.0
File C:\Users\User\AppData\Local\Programs\Python\Python310\Lib\urllib\request.py first seen with mtime 1662376652.0
File C:\Users\User\Desktop\Python_projects\Django\Simple\.venv\Lib\site-packages\django\utils\termcolors.py first seen with mtime 1692954390.182735
File C:\Users\User\AppData\Local\Programs\Python\Python310\Lib\sre_parse.py first seen with mtime 1662376652.0
File C:\Users\User\AppData\Local\Programs\Python\Python310\Lib\functools.py first seen with mtime 1648066904.0
File C:\Users\User\Desktop\Python_projects\Django\Simple\.venv\Lib\site-packages\django\forms\utils.py first seen with mtime 1692954390.0211291
File C:\Users\User\Desktop\Python_projects\Django\Simple\.venv\Lib\site-packages\sqlparse\filters\right_margin.py first seen with mtime 1692954384.7969987
File C:\Users\User\Desktop\Python_projects\Django\Simple\.venv\Lib\site-packages\django\utils\regex_helper.py first seen with mtime 1692954390.173503
File C:\Users\User\AppData\Local\Programs\Python\Python310\Lib\encodings\cp1251.py first seen with mtime 1648066904.0
File C:\Users\User\Desktop\Python_projects\Django\Simple\.venv\Lib\site-packages\django\contrib\auth\backends.py first seen with mtime 1692954387.117056
File C:\Users\User\AppData\Local\Programs\Python\Python310\Lib\secrets.py first seen with mtime 1648066904.0
File C:\Users\User\Desktop\Python_projects\Django\Simple\.venv\Lib\site-packages\django\__init__.py first seen with mtime 1692954385.7147975
File C:\Users\User\Desktop\Python_projects\Django\Simple\.venv\Lib\site-packages\asgiref\__init__.py first seen with mtime 1692954385.4719338
File C:\Users\User\AppData\Local\Programs\Python\Python310\Lib\ast.py first seen with mtime 1648066904.0
File C:\Users\User\Desktop\Python_projects\Django\Simple\.venv\Lib\site-packages\django\contrib\contenttypes\models.py first seen with mtime 1692954387.3781035
File C:\Users\User\AppData\Local\Programs\Python\Python310\Lib\multiprocessing\__init__.py first seen with mtime 1648066904.0
File C:\Users\User\Desktop\Python_projects\Django\Simple\.venv\Lib\site-packages\django\db\backends\sqlite3\features.py first seen with mtime 1692954389.9450867
File C:\Users\User\Desktop\Python_projects\Django\Simple\.venv\Lib\site-packages\django\db\backends\signals.py first seen with mtime 1692954389.89344
File C:\Users\User\Desktop\Python_projects\Django\Simple\.venv\Lib\site-packages\django\core\handlers\__init__.py first seen with mtime 1692954389.8409364
File C:\Users\User\Desktop\Python_projects\Django\Simple\.venv\Lib\site-packages\django\utils\lorem_ipsum.py first seen with mtime 1692954390.173503
File C:\Users\User\AppData\Local\Programs\Python\Python310\Lib\asyncio\subprocess.py first seen with mtime 1648066904.0
File C:\Users\User\AppData\Local\Programs\Python\Python310\Lib\sqlite3\dbapi2.py first seen with mtime 1648066904.0
File C:\Users\User\AppData\Local\Programs\Python\Python310\Lib\asyncio\events.py first seen with mtime 1648066904.0
File C:\Users\User\Desktop\Python_projects\Django\Simple\.venv\Lib\site-packages\django\utils\formats.py first seen with mtime 1692954390.1578698
File C:\Users\User\AppData\Local\Programs\Python\Python310\Lib\email\headerregistry.py first seen with mtime 1648066904.0
File C:\Users\User\Desktop\Python_projects\Django\Simple\.venv\Lib\site-packages\django\db\backends\base\creation.py first seen with mtime 1692954389.89344
File C:\Users\User\Desktop\Python_projects\Django\Simple\.venv\Lib\site-packages\django\db\models\fields\__init__.py first seen with mtime 1692954389.9734802
File C:\Users\User\Desktop\Python_projects\Django\Simple\.venv\Lib\site-packages\django\core\mail\utils.py first seen with mtime 1692954389.847955
File C:\Users\User\Desktop\Python_projects\Django\Simple\.venv\Lib\site-packages\django\db\models\sql\subqueries.py first seen with mtime 1692954390.0075529
File C:\Users\User\Desktop\Python_projects\Django\Simple\.venv\Lib\site-packages\django\core\checks\security\sessions.py first seen with mtime 1692954389.82045
File C:\Users\User\AppData\Local\Programs\Python\Python310\Lib\posixpath.py first seen with mtime 1662376652.0
File C:\Users\User\AppData\Local\Programs\Python\Python310\Lib\asyncio\windows_events.py first seen with mtime 1648066904.0
File C:\Users\User\AppData\Local\Programs\Python\Python310\DLLs\_socket.pyd first seen with mtime 1662376694.0
File C:\Users\User\Desktop\Python_projects\Django\Simple\.venv\Lib\site-packages\django\contrib\messages\apps.py first seen with mtime 1692954388.7785192
File C:\Users\User\Desktop\Python_projects\Django\Simple\.venv\Lib\site-packages\django\core\serializers\python.py first seen with mtime 1692954389.8778062
File C:\Users\User\Desktop\Python_projects\Django\Simple\.venv\Lib\site-packages\django\template\backends\django.py first seen with mtime 1692954390.1224213
File C:\Users\User\Desktop\Python_projects\Django\Simple\.venv\Lib\site-packages\django\contrib\messages\utils.py first seen with mtime 1692954388.7900262
File C:\Users\User\AppData\Local\Programs\Python\Python310\Lib\collections\abc.py first seen with mtime 1648066904.0
File C:\Users\User\AppData\Local\Programs\Python\Python310\Lib\email\_header_value_parser.py first seen with mtime 1662376652.0
File C:\Users\User\Desktop\Python_projects\Django\Simple\.venv\Lib\site-packages\django\views\generic\base.py first seen with mtime 1692954390.210462
File C:\Users\User\Desktop\Python_projects\Django\Simple\.venv\Lib\site-packages\django\core\cache\__init__.py first seen with mtime 1692954389.7994025
File C:\Users\User\Desktop\Python_projects\Django\Simple\.venv\Lib\site-packages\django\utils\text.py first seen with mtime 1692954390.1843076
File C:\Users\User\Desktop\Python_projects\Django\Simple\.venv\Lib\site-packages\django\contrib\contenttypes\checks.py first seen with mtime 1692954387.3760934
File C:\Users\User\Desktop\Python_projects\Django\Simple\.venv\Lib\site-packages\django\core\cache\utils.py first seen with mtime 1692954389.7994025
File C:\Users\User\AppData\Local\Programs\Python\Python310\Lib\inspect.py first seen with mtime 1662376652.0
File C:\Users\User\AppData\Local\Programs\Python\Python310\Lib\traceback.py first seen with mtime 1648066904.0
File C:\Users\User\AppData\Local\Programs\Python\Python310\Lib\shutil.py first seen with mtime 1662376652.0
File C:\Users\User\Desktop\Python_projects\Django\Simple\.venv\Lib\site-packages\django\core\files\storage\filesystem.py first seen with mtime 1692954389.8341067
File C:\Users\User\AppData\Local\Programs\Python\Python310\Lib\string.py first seen with mtime 1648066904.0
File C:\Users\User\Desktop\Python_projects\Django\Simple\.venv\Lib\site-packages\django\db\migrations\state.py first seen with mtime 1692954389.9621654
File C:\Users\User\Desktop\Python_projects\Django\Simple\.venv\Lib\site-packages\sqlparse\filters\aligned_indent.py first seen with mtime 1692954384.787065
File C:\Users\User\Desktop\Python_projects\Django\Simple\.venv\Lib\site-packages\django\core\files\storage\base.py first seen with mtime 1692954389.8341067
File C:\Users\User\Desktop\Python_projects\Django\Simple\.venv\Lib\site-packages\django\db\models\__init__.py first seen with mtime 1692954389.967461
File C:\Users\User\AppData\Local\Programs\Python\Python310\Lib\email\_encoded_words.py first seen with mtime 1662376652.0
File C:\Users\User\AppData\Local\Programs\Python\Python310\Lib\keyword.py first seen with mtime 1648066904.0
File C:\Users\User\Desktop\Python_projects\Django\Simple\.venv\Lib\site-packages\django\db\models\utils.py first seen with mtime 1692954389.9734802
File C:\Users\User\Desktop\Python_projects\Django\Simple\.venv\Lib\site-packages\django\views\generic\detail.py first seen with mtime 1692954390.212648
File C:\Users\User\Desktop\Python_projects\Django\Simple\.venv\Lib\site-packages\django\template\loaders\__init__.py first seen with mtime 1692954390.1274543
File C:\Users\User\Desktop\Python_projects\Django\Simple\.venv\Lib\site-packages\django\db\backends\base\features.py first seen with mtime 1692954389.89344
File C:\Users\User\Desktop\Python_projects\Django\Simple\.venv\Lib\site-packages\django\contrib\admin\sites.py first seen with mtime 1692954386.294839
File C:\Users\User\Desktop\Python_projects\Django\Simple\.venv\Lib\site-packages\django\db\migrations\operations\models.py first seen with mtime 1692954389.967461
File C:\Users\User\Desktop\Python_projects\Django\Simple\.venv\Lib\site-packages\django\template\response.py first seen with mtime 1692954390.1202269
File C:\Users\User\Desktop\Python_projects\Django\Simple\.venv\Lib\site-packages\django\views\generic\dates.py first seen with mtime 1692954390.2115457
File C:\Users\User\Desktop\Python_projects\Django\Simple\.venv\Lib\site-packages\django\template\autoreload.py first seen with mtime 1692954390.1103375
File C:\Users\User\Desktop\Python_projects\Django\Simple\.venv\Lib\site-packages\django\core\files\temp.py first seen with mtime 1692954389.8273377
File C:\Users\User\Desktop\Python_projects\Django\Simple\.venv\Lib\site-packages\django\contrib\contenttypes\management\__init__.py first seen with mtime 1692954387.5989037
File C:\Users\User\Desktop\Python_projects\Django\Simple\.venv\Lib\site-packages\django\db\migrations\migration.py first seen with mtime 1692954389.958224
File C:\Users\User\AppData\Local\Programs\Python\Python310\Lib\asyncio\selector_events.py first seen with mtime 1662376652.0
File C:\Users\User\Desktop\Python_projects\Django\Simple\.venv\Lib\site-packages\django\utils\duration.py first seen with mtime 1692954390.1578698
File C:\Users\User\Desktop\Python_projects\Django\Simple\.venv\Lib\site-packages\django\core\__init__.py first seen with mtime 1692954389.7848938
File C:\Users\User\Desktop\Python_projects\Django\Simple\.venv\Lib\site-packages\django\db\models\fields\mixins.py first seen with mtime 1692954389.9884896
File C:\Users\User\AppData\Local\Programs\Python\Python310\Lib\ctypes\wintypes.py first seen with mtime 1648066904.0
File C:\Users\User\AppData\Local\Programs\Python\Python310\Lib\_sitebuiltins.py first seen with mtime 1648066904.0
File C:\Users\User\Desktop\Python_projects\Django\Simple\.venv\Lib\site-packages\django\templatetags\__init__.py first seen with mtime 1692954390.1323545
File C:\Users\User\Desktop\Python_projects\Django\Simple\.venv\Lib\site-packages\django\forms\boundfield.py first seen with mtime 1692954390.0149412
File C:\Users\User\AppData\Local\Programs\Python\Python310\Lib\signal.py first seen with mtime 1648066904.0
File C:\Users\User\Desktop\Python_projects\Django\Simple\.venv\Lib\site-packages\django\urls\exceptions.py first seen with mtime 1692954390.144362
File C:\Users\User\AppData\Local\Programs\Python\Python310\Lib\encodings\aliases.py first seen with mtime 1648066904.0
File C:\Users\User\AppData\Local\Programs\Python\Python310\Lib\multiprocessing\reduction.py first seen with mtime 1648066904.0
File C:\Users\User\AppData\Local\Programs\Python\Python310\Lib\email\quoprimime.py first seen with mtime 1648066904.0
File C:\Users\User\AppData\Local\Programs\Python\Python310\DLLs\_zoneinfo.pyd first seen with mtime 1662376694.0
File C:\Users\User\Desktop\Python_projects\Django\Simple\.venv\Lib\site-packages\django\utils\crypto.py first seen with mtime 1692954390.1578698
File C:\Users\User\AppData\Local\Programs\Python\Python310\Lib\multiprocessing\context.py first seen with mtime 1662376652.0
File C:\Users\User\Desktop\Python_projects\Django\Simple\.venv\Lib\site-packages\django\core\servers\__init__.py first seen with mtime 1692954389.8778062
File C:\Users\User\Desktop\Python_projects\Django\Simple\.venv\Lib\site-packages\django\views\__init__.py first seen with mtime 1692954390.1954107
File C:\Users\User\Desktop\Python_projects\Django\Simple\.venv\Lib\site-packages\django\template\loaders\app_directories.py first seen with mtime 1692954390.128476
File C:\Users\User\AppData\Local\Programs\Python\Python310\Lib\calendar.py first seen with mtime 1648066904.0
File C:\Users\User\AppData\Local\Programs\Python\Python310\Lib\zoneinfo\_common.py first seen with mtime 1648066906.0
File C:\Users\User\Desktop\Python_projects\Django\Simple\.venv\Lib\site-packages\django\db\models\fields\related.py first seen with mtime 1692954389.9884896
File C:\Users\User\Desktop\Python_projects\Django\Simple\.venv\Lib\site-packages\django\core\files\images.py first seen with mtime 1692954389.8257387
File C:\Users\User\Desktop\Python_projects\Django\Simple\.venv\Lib\site-packages\django\views\decorators\cache.py first seen with mtime 1692954390.202285
File C:\Users\User\AppData\Local\Programs\Python\Python310\Lib\json\decoder.py first seen with mtime 1648066904.0
File C:\Users\User\Desktop\Python_projects\Django\Simple\.venv\Lib\site-packages\django\contrib\admin\templatetags\__init__.py first seen with mtime 1692954386.8515604
File C:\Users\User\AppData\Local\Programs\Python\Python310\Lib\gzip.py first seen with mtime 1648066904.0
File C:\Users\User\Desktop\Python_projects\Django\Simple\.venv\Lib\site-packages\sqlparse\__init__.py first seen with mtime 1692954384.7780328
File C:\Users\User\Desktop\Python_projects\Django\Simple\.venv\Lib\site-packages\django\utils\__init__.py first seen with mtime 1692954390.144362
File C:\Users\User\Desktop\Python_projects\Django\Simple\.venv\Lib\site-packages\django\utils\inspect.py first seen with mtime 1692954390.173503
File C:\Users\User\Desktop\Python_projects\Django\Simple\.venv\Lib\site-packages\sqlparse\utils.py first seen with mtime 1692954384.787065
File C:\Users\User\Desktop\Python_projects\Django\Simple\.venv\Lib\site-packages\django\urls\resolvers.py first seen with mtime 1692954390.144362
File C:\Users\User\AppData\Local\Programs\Python\Python310\Lib\email\header.py first seen with mtime 1648066904.0
File C:\Users\User\Desktop\Python_projects\Django\Simple\.venv\Lib\site-packages\django\db\backends\base\__init__.py first seen with mtime 1692954389.89344
File C:\Users\User\Desktop\Python_projects\Django\Simple\.venv\Lib\site-packages\django\db\models\functions\comparison.py first seen with mtime 1692954389.9950974
File C:\Users\User\Desktop\Python_projects\Django\Simple\.venv\Lib\site-packages\django\template\defaultfilters.py first seen with mtime 1692954390.1132169
File C:\Users\User\Desktop\Python_projects\Django\Simple\.venv\Lib\site-packages\django\template\exceptions.py first seen with mtime 1692954390.1157322
File C:\Users\User\Desktop\Python_projects\Django\Simple\.venv\Lib\site-packages\django\core\checks\security\__init__.py first seen with mtime 1692954389.82045
File C:\Users\User\AppData\Local\Programs\Python\Python310\Lib\asyncio\__init__.py first seen with mtime 1648066904.0
File C:\Users\User\Desktop\Python_projects\Django\Simple\.venv\Lib\site-packages\django\templatetags\l10n.py first seen with mtime 1692954390.134712
File C:\Users\User\Desktop\Python_projects\Django\Simple\.venv\Lib\site-packages\django\utils\safestring.py first seen with mtime 1692954390.182735
File C:\Users\User\Desktop\Python_projects\Django\Simple\.venv\Lib\site-packages\django\utils\timezone.py first seen with mtime 1692954390.185668
File C:\Users\User\AppData\Local\Programs\Python\Python310\Lib\datetime.py first seen with mtime 1662376652.0
File C:\Users\User\Desktop\Python_projects\Django\Simple\.venv\Lib\site-packages\django\utils\_os.py first seen with mtime 1692954390.144362
File C:\Users\User\AppData\Local\Programs\Python\Python310\Lib\asyncio\staggered.py first seen with mtime 1648066904.0
File C:\Users\User\Desktop\Python_projects\Django\Simple\.venv\Lib\site-packages\django\core\files\utils.py first seen with mtime 1692954389.8325403
File C:\Users\User\Desktop\Python_projects\Django\Simple\.venv\Lib\site-packages\django\contrib\auth\base_user.py first seen with mtime 1692954387.117056
File C:\Users\User\AppData\Local\Programs\Python\Python310\Lib\email\charset.py first seen with mtime 1662376652.0
File C:\Users\User\AppData\Local\Programs\Python\Python310\Lib\struct.py first seen with mtime 1648066904.0
File C:\Users\User\Desktop\Python_projects\Django\Simple\.venv\Lib\site-packages\django\views\generic\list.py first seen with mtime 1692954390.2137606
File C:\Users\User\Desktop\Python_projects\Django\Simple\.venv\Lib\site-packages\django\contrib\admin\views\__init__.py first seen with mtime 1692954386.8515604
File C:\Users\User\Desktop\Python_projects\Django\Simple\.venv\Lib\site-packages\sqlparse\tokens.py first seen with mtime 1692954384.7857304
File C:\Users\User\Desktop\Python_projects\Django\Simple\.venv\Lib\site-packages\django\db\models\functions\__init__.py first seen with mtime 1692954389.9950974
File C:\Users\User\AppData\Local\Programs\Python\Python310\Lib\html\__init__.py first seen with mtime 1648066904.0
File C:\Users\User\Desktop\Python_projects\Django\Simple\.venv\Lib\site-packages\asgiref\current_thread_executor.py first seen with mtime 1692954385.473019
File C:\Users\User\AppData\Local\Programs\Python\Python310\Lib\logging\handlers.py first seen with mtime 1662376652.0
File C:\Users\User\AppData\Local\Programs\Python\Python310\Lib\stat.py first seen with mtime 1648066904.0
File C:\Users\User\Desktop\Python_projects\Django\Simple\.venv\Lib\site-packages\django\core\paginator.py first seen with mtime 1692954389.7848938
File C:\Users\User\Desktop\Python_projects\Django\Simple\.venv\Lib\site-packages\django\db\backends\sqlite3\client.py first seen with mtime 1692954389.9419022
File C:\Users\User\AppData\Local\Programs\Python\Python310\Lib\socketserver.py first seen with mtime 1648066904.0
File C:\Users\User\Desktop\Python_projects\Django\Simple\.venv\Lib\site-packages\django\core\files\locks.py first seen with mtime 1692954389.8273377
File C:\Users\User\AppData\Local\Programs\Python\Python310\Lib\selectors.py first seen with mtime 1648066904.0
File C:\Users\User\AppData\Local\Programs\Python\Python310\Lib\html\parser.py first seen with mtime 1648066904.0
File C:\Users\User\AppData\Local\Programs\Python\Python310\Lib\numbers.py first seen with mtime 1662376652.0
File C:\Users\User\Desktop\Python_projects\Django\Simple\.venv\Lib\site-packages\django\utils\topological_sort.py first seen with mtime 1692954390.1873481
File C:\Users\User\AppData\Local\Programs\Python\Python310\Lib\_collections_abc.py first seen with mtime 1648066904.0
File C:\Users\User\AppData\Local\Programs\Python\Python310\DLLs\_lzma.pyd first seen with mtime 1662376696.0
File C:\Users\User\Desktop\Python_projects\Django\Simple\.venv\Lib\site-packages\django\contrib\messages\api.py first seen with mtime 1692954388.7785192
File C:\Users\User\AppData\Local\Programs\Python\Python310\Lib\hashlib.py first seen with mtime 1648066904.0
File C:\Users\User\Desktop\Python_projects\Django\Simple\.venv\Lib\site-packages\django\urls\utils.py first seen with mtime 1692954390.144362
File C:\Users\User\Desktop\Python_projects\Django\Simple\.venv\Lib\site-packages\django\contrib\admin\__init__.py first seen with mtime 1692954386.2852302
File C:\Users\User\Desktop\Python_projects\Django\Simple\.venv\Lib\site-packages\django\core\files\storage\handler.py first seen with mtime 1692954389.8371835
File C:\Users\User\Desktop\Python_projects\Django\Simple\.venv\Lib\site-packages\django\contrib\admin\apps.py first seen with mtime 1692954386.2852302
File C:\Users\User\AppData\Local\Programs\Python\Python310\DLLs\_decimal.pyd first seen with mtime 1662376694.0
File C:\Users\User\Desktop\Python_projects\Django\Simple\.venv\Lib\site-packages\django\contrib\auth\validators.py first seen with mtime 1692954387.130176
File C:\Users\User\AppData\Local\Programs\Python\Python310\Lib\logging\__init__.py first seen with mtime 1662376652.0
File C:\Users\User\Desktop\Python_projects\Django\Simple\.venv\Lib\site-packages\django\db\transaction.py first seen with mtime 1692954389.89344
File C:\Users\User\AppData\Local\Programs\Python\Python310\Lib\email\utils.py first seen with mtime 1648066904.0
File C:\Users\User\AppData\Local\Programs\Python\Python310\Lib\encodings\utf_8.py first seen with mtime 1648066904.0
File C:\Users\User\AppData\Local\Programs\Python\Python310\Lib\asyncio\mixins.py first seen with mtime 1648066904.0
File C:\Users\User\Desktop\Python_projects\Django\Simple\.venv\Lib\site-packages\django\conf\global_settings.py first seen with mtime 1692954385.7286894
File C:\Users\User\Desktop\Python_projects\Django\Simple\.venv\Lib\site-packages\django\core\checks\messages.py first seen with mtime 1692954389.8136072
File C:\Users\User\AppData\Local\Programs\Python\Python310\Lib\_compat_pickle.py first seen with mtime 1648066904.0
File C:\Users\User\AppData\Local\Programs\Python\Python310\Lib\statistics.py first seen with mtime 1648066904.0
File C:\Users\User\AppData\Local\Programs\Python\Python310\Lib\asyncio\threads.py first seen with mtime 1648066904.0
File C:\Users\User\Desktop\Python_projects\Django\Simple\.venv\Lib\site-packages\django\db\models\sql\where.py first seen with mtime 1692954390.0075529
File C:\Users\User\Desktop\Python_projects\Django\Simple\.venv\Lib\site-packages\django\contrib\staticfiles\management\commands\runserver.py first seen with mtime 1692954389.7848938
File C:\Users\User\Desktop\Python_projects\Django\Simple\.venv\Lib\site-packages\django\contrib\staticfiles\apps.py first seen with mtime 1692954389.778084
File C:\Users\User\AppData\Local\Programs\Python\Python310\Lib\wsgiref\handlers.py first seen with mtime 1648066906.0
File C:\Users\User\Desktop\Python_projects\Django\Simple\.venv\Lib\site-packages\django\contrib\staticfiles\utils.py first seen with mtime 1692954389.7837384
File C:\Users\User\Desktop\Python_projects\Django\Simple\.venv\Lib\site-packages\django\contrib\staticfiles\management\__init__.py first seen with mtime 1692954389.7848938
File C:\Users\User\Desktop\Python_projects\Django\Simple\.venv\Lib\site-packages\django\db\models\functions\mixins.py first seen with mtime 1692954390.0003786
File C:\Users\User\Desktop\Python_projects\Django\Simple\.venv\Lib\site-packages\django\contrib\sessions\backends\base.py first seen with mtime 1692954389.2657576
File C:\Users\User\Desktop\Python_projects\Django\Simple\.venv\Lib\site-packages\django\db\backends\base\client.py first seen with mtime 1692954389.89344
File C:\Users\User\Desktop\Python_projects\Django\Simple\.venv\Lib\site-packages\django\core\handlers\exception.py first seen with mtime 1692954389.8440094
File C:\Users\User\Desktop\Python_projects\Django\Simple\.venv\Lib\site-packages\django\utils\autoreload.py first seen with mtime 1692954390.1578698
File C:\Users\User\Desktop\Python_projects\Django\Simple\.venv\Lib\site-packages\django\contrib\admin\templatetags\admin_modify.py first seen with mtime 1692954386.8515604
File C:\Users\User\Desktop\Python_projects\Django\Simple\.venv\Lib\site-packages\django\db\models\manager.py first seen with mtime 1692954389.9734802
File C:\Users\User\AppData\Local\Programs\Python\Python310\Lib\weakref.py first seen with mtime 1648066906.0
File C:\Users\User\Desktop\Python_projects\Django\Simple\.venv\Lib\site-packages\sqlparse\filters\__init__.py first seen with mtime 1692954384.787065
File C:\Users\User\AppData\Local\Programs\Python\Python310\Lib\contextvars.py first seen with mtime 1648066904.0
File C:\Users\User\AppData\Local\Programs\Python\Python310\Lib\base64.py first seen with mtime 1648066904.0
File C:\Users\User\Desktop\Python_projects\Django\Simple\.venv\Lib\site-packages\django\core\files\storage\__init__.py first seen with mtime 1692954389.8341067
File C:\Users\User\Desktop\Python_projects\Django\Simple\.venv\Lib\site-packages\django\core\files\move.py first seen with mtime 1692954389.8273377
File C:\Users\User\Desktop\Python_projects\Django\Simple\.venv\Lib\site-packages\django\db\backends\sqlite3\creation.py first seen with mtime 1692954389.9450867
File C:\Users\User\AppData\Local\Programs\Python\Python310\Lib\ipaddress.py first seen with mtime 1662376652.0
File C:\Users\User\Desktop\Python_projects\Django\Simple\.venv\Lib\site-packages\django\core\exceptions.py first seen with mtime 1692954389.7848938
File C:\Users\User\Desktop\Python_projects\Django\Simple\.venv\Lib\site-packages\django\utils\dateparse.py first seen with mtime 1692954390.1578698
File C:\Users\User\Desktop\Python_projects\Django\Simple\.venv\Lib\site-packages\django\db\models\fields\related_lookups.py first seen with mtime 1692954389.9950974
File C:\Users\User\Desktop\Python_projects\Django\Simple\.venv\Lib\site-packages\django\template\loaders\cached.py first seen with mtime 1692954390.128476
File C:\Users\User\Desktop\Python_projects\Django\Simple\.venv\Lib\site-packages\django\template\utils.py first seen with mtime 1692954390.1224213
File C:\Users\User\Desktop\Python_projects\Django\Simple\.venv\Lib\site-packages\django\db\migrations\utils.py first seen with mtime 1692954389.9633539
File C:\Users\User\Desktop\Python_projects\Django\Simple\.venv\Lib\site-packages\django\core\handlers\wsgi.py first seen with mtime 1692954389.8440094
File C:\Users\User\AppData\Local\Programs\Python\Python310\Lib\concurrent\futures\_base.py first seen with mtime 1662376652.0
File C:\Users\User\Desktop\Python_projects\Django\Simple\.venv\Lib\site-packages\django\contrib\auth\forms.py first seen with mtime 1692954387.1250653
File C:\Users\User\Desktop\Python_projects\Django\Simple\.venv\Lib\site-packages\django\utils\translation\__init__.py first seen with mtime 1692954390.190413
File C:\Users\User\Desktop\Python_projects\Django\Simple\.venv\Lib\site-packages\django\db\__init__.py first seen with mtime 1692954389.89344
File C:\Users\User\Desktop\Python_projects\Django\Simple\.venv\Lib\site-packages\django\templatetags\static.py first seen with mtime 1692954390.1361194
File C:\Users\User\AppData\Local\Programs\Python\Python310\Lib\logging\config.py first seen with mtime 1662376652.0
File C:\Users\User\Desktop\Python_projects\Django\Simple\.venv\Lib\site-packages\sqlparse\filters\others.py first seen with mtime 1692954384.787065
File C:\Users\User\Desktop\Python_projects\Django\Simple\.venv\Lib\site-packages\django\db\models\functions\datetime.py first seen with mtime 1692954389.9950974
File C:\Users\User\Desktop\Python_projects\Django\Simple\.venv\Lib\site-packages\django\http\request.py first seen with mtime 1692954390.0952973
File C:\Users\User\Desktop\Python_projects\Django\Simple\.venv\Lib\site-packages\django\db\models\fields\proxy.py first seen with mtime 1692954389.9884896
File C:\Users\User\Desktop\Python_projects\Django\Simple\.venv\Lib\site-packages\django\apps\config.py first seen with mtime 1692954385.7253287
File C:\Users\User\Desktop\Python_projects\Django\Simple\.venv\Lib\site-packages\django\contrib\auth\__init__.py first seen with mtime 1692954387.117056
File C:\Users\User\Desktop\Python_projects\Django\Simple\.venv\Lib\site-packages\django\contrib\staticfiles\finders.py first seen with mtime 1692954389.7798114
File C:\Users\User\Desktop\Python_projects\Django\Simple\.venv\Lib\site-packages\django\db\backends\sqlite3\operations.py first seen with mtime 1692954389.9450867
File C:\Users\User\AppData\Local\Programs\Python\Python310\Lib\random.py first seen with mtime 1648066904.0
File C:\Users\User\AppData\Local\Programs\Python\Python310\Lib\sre_constants.py first seen with mtime 1662376652.0
File C:\Users\User\AppData\Local\Programs\Python\Python310\DLLs\_overlapped.pyd first seen with mtime 1662376694.0
File C:\Users\User\AppData\Local\Programs\Python\Python310\Lib\linecache.py first seen with mtime 1662376652.0
File C:\Users\User\Desktop\Python_projects\Django\Simple\.venv\Lib\site-packages\django\contrib\contenttypes\admin.py first seen with mtime 1692954387.3745952
File C:\Users\User\AppData\Local\Programs\Python\Python310\Lib\socket.py first seen with mtime 1648066904.0
File C:\Users\User\Desktop\Python_projects\Django\Simple\.venv\Lib\site-packages\django\dispatch\dispatcher.py first seen with mtime 1692954390.0129035
File C:\Users\User\Desktop\Python_projects\Django\Simple\.venv\Lib\site-packages\django\core\files\base.py first seen with mtime 1692954389.8252282
File C:\Users\User\Desktop\Python_projects\Django\Simple\.venv\Lib\site-packages\django\contrib\admin\models.py first seen with mtime 1692954386.294839
File C:\Users\User\AppData\Local\Programs\Python\Python310\Lib\asyncio\base_tasks.py first seen with mtime 1648066904.0
File C:\Users\User\Desktop\Python_projects\Django\Simple\.venv\Lib\site-packages\django\core\servers\basehttp.py first seen with mtime 1692954389.89344
File C:\Users\User\Desktop\Python_projects\Django\Simple\.venv\Lib\site-packages\django\contrib\admin\helpers.py first seen with mtime 1692954386.294839
File C:\Users\User\AppData\Local\Programs\Python\Python310\Lib\argparse.py first seen with mtime 1662376652.0
File C:\Users\User\Desktop\Python_projects\Django\Simple\.venv\Lib\site-packages\django\core\files\storage\mixins.py first seen with mtime 1692954389.838783
File C:\Users\User\Desktop\Python_projects\Django\Simple\.venv\Lib\site-packages\django\core\management\commands\__init__.py first seen with mtime 1692954389.8618755
File C:\Users\User\Desktop\Python_projects\Django\Simple\.venv\Lib\site-packages\django\templatetags\i18n.py first seen with mtime 1692954390.1323545
File C:\Users\User\Desktop\Python_projects\Django\Simple\.venv\Lib\site-packages\sqlparse\engine\__init__.py first seen with mtime 1692954384.787065
File C:\Users\User\Desktop\Python_projects\Django\Simple\.venv\Lib\site-packages\sqlparse\exceptions.py first seen with mtime 1692954384.7813644
File C:\Users\User\AppData\Local\Programs\Python\Python310\Lib\email\generator.py first seen with mtime 1648066904.0
File C:\Users\User\Desktop\Python_projects\Django\Simple\.venv\Lib\site-packages\django\db\models\sql\constants.py first seen with mtime 1692954390.0042253
File C:\Users\User\AppData\Local\Programs\Python\Python310\Lib\ctypes\__init__.py first seen with mtime 1648066904.0
File C:\Users\User\Desktop\Python_projects\Django\Simple\.venv\Lib\site-packages\django\template\smartif.py first seen with mtime 1692954390.121257
File C:\Users\User\Desktop\Python_projects\Django\Simple\.venv\Lib\site-packages\django\contrib\contenttypes\views.py first seen with mtime 1692954387.3781035
File C:\Users\User\AppData\Local\Programs\Python\Python310\DLLs\_sqlite3.pyd first seen with mtime 1662376694.0
File C:\Users\User\Desktop\Python_projects\Django\Simple\.venv\Lib\site-packages\django\core\wsgi.py first seen with mtime 1692954389.7848938
File C:\Users\User\AppData\Local\Programs\Python\Python310\Lib\asyncio\tasks.py first seen with mtime 1648066904.0
File C:\Users\User\Desktop\Python_projects\Django\Simple\.venv\Lib\site-packages\django\conf\locale\__init__.py first seen with mtime 1692954385.729951
File C:\Users\User\AppData\Local\Programs\Python\Python310\Lib\asyncio\exceptions.py first seen with mtime 1648066904.0
File C:\Users\User\Desktop\Python_projects\Django\Simple\.venv\Lib\site-packages\django\contrib\admin\checks.py first seen with mtime 1692954386.2852302
File C:\Users\User\Desktop\Python_projects\Django\Simple\.venv\Lib\site-packages\django\db\backends\__init__.py first seen with mtime 1692954389.89344
File C:\Users\User\Desktop\Python_projects\Django\Simple\.venv\Lib\site-packages\django\db\backends\sqlite3\schema.py first seen with mtime 1692954389.9450867
File C:\Users\User\Desktop\Python_projects\Django\Simple\.venv\Lib\site-packages\django\utils\itercompat.py first seen with mtime 1692954390.173503
File C:\Users\User\Desktop\Python_projects\Django\Simple\.venv\Lib\site-packages\django\forms\formsets.py first seen with mtime 1692954390.017391
File C:\Users\User\Desktop\Python_projects\Django\Simple\.venv\Lib\site-packages\django\forms\renderers.py first seen with mtime 1692954390.0199108
File C:\Users\User\Desktop\Python_projects\Django\Simple\.venv\Lib\site-packages\django\views\csrf.py first seen with mtime 1692954390.1954107
File C:\Users\User\Desktop\Python_projects\Django\Simple\.venv\Lib\site-packages\django\db\models\query_utils.py first seen with mtime 1692954389.9734802
File C:\Users\User\AppData\Local\Programs\Python\Python310\Lib\asyncio\base_futures.py first seen with mtime 1648066904.0
File C:\Users\User\Desktop\Python_projects\Django\Simple\.venv\Lib\site-packages\django\urls\base.py first seen with mtime 1692954390.144362
File C:\Users\User\AppData\Local\Programs\Python\Python310\Lib\email\iterators.py first seen with mtime 1648066904.0
File C:\Users\User\AppData\Local\Programs\Python\Python310\Lib\_markupbase.py first seen with mtime 1648066904.0
File C:\Users\User\Desktop\Python_projects\Django\Simple\.venv\Lib\site-packages\django\views\i18n.py first seen with mtime 1692954390.1987724
File C:\Users\User\Desktop\Python_projects\Django\Simple\.venv\Lib\site-packages\django\db\backends\base\operations.py first seen with mtime 1692954389.9046733
File C:\Users\User\AppData\Local\Programs\Python\Python310\Lib\operator.py first seen with mtime 1648066904.0
File C:\Users\User\Desktop\Python_projects\Django\Simple\.venv\Lib\site-packages\django\contrib\staticfiles\checks.py first seen with mtime 1692954389.778084
File C:\Users\User\Desktop\Python_projects\Django\Simple\.venv\Lib\site-packages\django\core\management\color.py first seen with mtime 1692954389.857824
File C:\Users\User\AppData\Local\Programs\Python\Python310\DLLs\_ctypes.pyd first seen with mtime 1662376694.0
File C:\Users\User\Desktop\Python_projects\Django\Simple\.venv\Lib\site-packages\django\core\checks\caches.py first seen with mtime 1692954389.8118243
File C:\Users\User\AppData\Local\Programs\Python\Python310\Lib\glob.py first seen with mtime 1648066904.0
File C:\Users\User\AppData\Local\Programs\Python\Python310\Lib\bisect.py first seen with mtime 1648066904.0
File C:\Users\User\AppData\Local\Programs\Python\Python310\Lib\wsgiref\headers.py first seen with mtime 1648066906.0
File C:\Users\User\Desktop\Python_projects\Django\Simple\.venv\Lib\site-packages\django\core\checks\database.py first seen with mtime 1692954389.8118243
File C:\Users\User\Desktop\Python_projects\Django\Simple\.venv\Lib\site-packages\django\template\context.py first seen with mtime 1692954390.1103375
File C:\Users\User\Desktop\Python_projects\Django\Simple\.venv\Lib\site-packages\django\core\checks\security\csrf.py first seen with mtime 1692954389.82045
File C:\Users\User\Desktop\Python_projects\Django\Simple\.venv\Lib\site-packages\django\http\multipartparser.py first seen with mtime 1692954390.0952973
File C:\Users\User\Desktop\Python_projects\Django\Simple\.venv\Lib\site-packages\django\db\backends\sqlite3\__init__.py first seen with mtime 1692954389.9419022
File C:\Users\User\Desktop\Python_projects\Django\Simple\.venv\Lib\site-packages\django\middleware\__init__.py first seen with mtime 1692954390.0952973
File C:\Users\User\AppData\Local\Programs\Python\Python310\Lib\asyncio\coroutines.py first seen with mtime 1648066904.0
File C:\Users\User\AppData\Local\Programs\Python\Python310\Lib\email\mime\message.py first seen with mtime 1648066904.0
File C:\Users\User\AppData\Local\Programs\Python\Python310\Lib\http\cookies.py first seen with mtime 1648066904.0
File C:\Users\User\AppData\Local\Programs\Python\Python310\Lib\codecs.py first seen with mtime 1648066904.0
File C:\Users\User\AppData\Local\Programs\Python\Python310\Lib\email\mime\multipart.py first seen with mtime 1648066904.0
File C:\Users\User\Desktop\Python_projects\Django\Simple\.venv\Lib\site-packages\django\db\models\options.py first seen with mtime 1692954389.9734802
File C:\Users\User\Desktop\Python_projects\Django\Simple\.venv\Lib\site-packages\django\utils\asyncio.py first seen with mtime 1692954390.144362
File C:\Users\User\Desktop\Python_projects\Django\Simple\.venv\Lib\site-packages\django\contrib\sites\shortcuts.py first seen with mtime 1692954389.527601
File C:\Users\User\Desktop\Python_projects\Django\Simple\.venv\Lib\site-packages\django\http\cookie.py first seen with mtime 1692954390.0952973
File C:\Users\User\Desktop\Python_projects\Django\Simple\.venv\Lib\site-packages\django\contrib\auth\models.py first seen with mtime 1692954387.130176
File C:\Users\User\Desktop\Python_projects\Django\Simple\.venv\Lib\site-packages\django\db\models\fields\files.py first seen with mtime 1692954389.9884896
File C:\Users\User\Desktop\Python_projects\Django\Simple\.venv\Lib\site-packages\sqlparse\sql.py first seen with mtime 1692954384.7857304
File C:\Users\User\Desktop\Python_projects\Django\Simple\.venv\Lib\site-packages\django\contrib\admin\exceptions.py first seen with mtime 1692954386.294839
File C:\Users\User\Desktop\Python_projects\Django\Simple\.venv\Lib\site-packages\django\urls\converters.py first seen with mtime 1692954390.144362
File C:\Users\User\AppData\Local\Programs\Python\Python310\Lib\email\mime\base.py first seen with mtime 1648066904.0
File C:\Users\User\Desktop\Python_projects\Django\Simple\.venv\Lib\site-packages\django\db\backends\base\schema.py first seen with mtime 1692954389.9061508
File C:\Users\User\AppData\Local\Programs\Python\Python310\Lib\quopri.py first seen with mtime 1648066904.0
File C:\Users\User\Desktop\Python_projects\Django\Simple\.venv\Lib\site-packages\django\contrib\admin\widgets.py first seen with mtime 1692954386.294839
File C:\Users\User\AppData\Local\Programs\Python\Python310\Lib\genericpath.py first seen with mtime 1648066904.0
File C:\Users\User\AppData\Local\Programs\Python\Python310\Lib\abc.py first seen with mtime 1648066904.0
File C:\Users\User\AppData\Local\Programs\Python\Python310\DLLs\_ssl.pyd first seen with mtime 1662376694.0
File C:\Users\User\Desktop\Python_projects\Django\Simple\.venv\Lib\site-packages\django\conf\__init__.py first seen with mtime 1692954385.727556
File C:\Users\User\AppData\Local\Programs\Python\Python310\Lib\pathlib.py first seen with mtime 1662376652.0
File C:\Users\User\Desktop\Python_projects\Django\Simple\.venv\Lib\site-packages\django\contrib\auth\checks.py first seen with mtime 1692954387.117056
File C:\Users\User\Desktop\Python_projects\Django\Simple\maincourse\main\__init__.py first seen with mtime 1692955315.2778761
File C:\Users\User\Desktop\Python_projects\Django\Simple\maincourse\main\apps.py first seen with mtime 1692955315.2466123
File C:\Users\User\Desktop\Python_projects\Django\Simple\.venv\Lib\site-packages\django\db\models\lookups.py first seen with mtime 1692954389.9734802
File C:\Users\User\AppData\Local\Programs\Python\Python310\Lib\difflib.py first seen with mtime 1662376652.0
File C:\Users\User\Desktop\Python_projects\Django\Simple\.venv\Lib\site-packages\django\db\models\aggregates.py first seen with mtime 1692954389.967461
File C:\Users\User\AppData\Local\Programs\Python\Python310\Lib\uuid.py first seen with mtime 1648066906.0
File C:\Users\User\Desktop\Python_projects\Django\Simple\.venv\Lib\site-packages\django\utils\decorators.py first seen with mtime 1692954390.1578698
File C:\Users\User\Desktop\Python_projects\Django\Simple\.venv\Lib\site-packages\django\contrib\sessions\backends\__init__.py first seen with mtime 1692954389.2657576
File C:\Users\User\Desktop\Python_projects\Django\Simple\.venv\Lib\site-packages\asgiref\local.py first seen with mtime 1692954385.473019
File C:\Users\User\Desktop\Python_projects\Django\Simple\.venv\Lib\site-packages\django\core\mail\message.py first seen with mtime 1692954389.8467176
File C:\Users\User\Desktop\Python_projects\Django\Simple\.venv\Lib\site-packages\django\core\serializers\base.py first seen with mtime 1692954389.8778062
File C:\Users\User\AppData\Local\Programs\Python\Python310\Lib\os.py first seen with mtime 1648066904.0
File C:\Users\User\Desktop\Python_projects\Django\Simple\.venv\Lib\site-packages\django\core\handlers\base.py first seen with mtime 1692954389.8409364
File C:\Users\User\Desktop\Python_projects\Django\Simple\.venv\Lib\site-packages\django\db\migrations\exceptions.py first seen with mtime 1692954389.9450867
File C:\Users\User\Desktop\Python_projects\Django\Simple\.venv\Lib\site-packages\sqlparse\filters\reindent.py first seen with mtime 1692954384.7955728
File C:\Users\User\Desktop\Python_projects\Django\Simple\.venv\Lib\site-packages\django\utils\html.py first seen with mtime 1692954390.173503
File C:\Users\User\Desktop\Python_projects\Django\Simple\.venv\Lib\site-packages\django\core\serializers\json.py first seen with mtime 1692954389.8778062
File C:\Users\User\AppData\Local\Programs\Python\Python310\DLLs\_bz2.pyd first seen with mtime 1662376694.0
File C:\Users\User\AppData\Local\Programs\Python\Python310\Lib\nturl2path.py first seen with mtime 1648066904.0
File C:\Users\User\Desktop\Python_projects\Django\Simple\.venv\Lib\site-packages\django\contrib\auth\middleware.py first seen with mtime 1692954387.1250653
File C:\Users\User\AppData\Local\Programs\Python\Python310\Lib\enum.py first seen with mtime 1648066904.0
File C:\Users\User\AppData\Local\Programs\Python\Python310\Lib\_compression.py first seen with mtime 1648066904.0
File C:\Users\User\Desktop\Python_projects\Django\Simple\.venv\Lib\site-packages\django\core\management\base.py first seen with mtime 1692954389.849124
File C:\Users\User\AppData\Local\Programs\Python\Python310\Lib\getpass.py first seen with mtime 1648066904.0
File C:\Users\User\AppData\Local\Programs\Python\Python310\Lib\json\__init__.py first seen with mtime 1648066904.0
File C:\Users\User\Desktop\Python_projects\Django\Simple\.venv\Lib\site-packages\django\contrib\admin\views\autocomplete.py first seen with mtime 1692954386.8515604
File C:\Users\User\Desktop\Python_projects\Django\Simple\.venv\Lib\site-packages\django\db\models\functions\window.py first seen with mtime 1692954390.0027194
File C:\Users\User\AppData\Local\Programs\Python\Python310\Lib\http\server.py first seen with mtime 1662376652.0
File C:\Users\User\AppData\Local\Programs\Python\Python310\Lib\copyreg.py first seen with mtime 1648066904.0
File C:\Users\User\AppData\Local\Programs\Python\Python310\Lib\wsgiref\util.py first seen with mtime 1648066906.0
File C:\Users\User\AppData\Local\Programs\Python\Python310\Lib\email\encoders.py first seen with mtime 1648066904.0
File C:\Users\User\AppData\Local\Programs\Python\Python310\Lib\asyncio\locks.py first seen with mtime 1648066904.0
File C:\Users\User\Desktop\Python_projects\Django\Simple\.venv\Lib\site-packages\django\utils\deprecation.py first seen with mtime 1692954390.1578698
File C:\Users\User\AppData\Local\Programs\Python\Python310\Lib\asyncio\queues.py first seen with mtime 1648066904.0
File C:\Users\User\Desktop\Python_projects\Django\Simple\.venv\Lib\site-packages\django\core\checks\__init__.py first seen with mtime 1692954389.7994025
File C:\Users\User\Desktop\Python_projects\Django\Simple\.venv\Lib\site-packages\django\contrib\auth\hashers.py first seen with mtime 1692954387.1250653
File C:\Users\User\AppData\Local\Programs\Python\Python310\Lib\email\feedparser.py first seen with mtime 1648066904.0
File C:\Users\User\Desktop\Python_projects\Django\Simple\.venv\Lib\site-packages\django\contrib\messages\constants.py first seen with mtime 1692954388.7900262
File C:\Users\User\AppData\Local\Programs\Python\Python310\Lib\encodings\__init__.py first seen with mtime 1648066904.0
File C:\Users\User\Desktop\Python_projects\Django\Simple\maincourse\maincourse\secrets.py first seen with mtime 1692955822.040013
File C:\Users\User\Desktop\Python_projects\Django\Simple\.venv\Lib\site-packages\django\db\models\base.py first seen with mtime 1692954389.972473
File C:\Users\User\AppData\Local\Programs\Python\Python310\Lib\email\mime\text.py first seen with mtime 1648066904.0
File C:\Users\User\Desktop\Python_projects\Django\Simple\.venv\Lib\site-packages\django\core\checks\urls.py first seen with mtime 1692954389.8186164
File C:\Users\User\AppData\Local\Programs\Python\Python310\Lib\asyncio\base_events.py first seen with mtime 1662376652.0
File C:\Users\User\AppData\Local\Programs\Python\Python310\Lib\asyncio\trsock.py first seen with mtime 1648066904.0
File C:\Users\User\AppData\Local\Programs\Python\Python310\Lib\asyncio\proactor_events.py first seen with mtime 1662376652.0
File C:\Users\User\AppData\Local\Programs\Python\Python310\Lib\reprlib.py first seen with mtime 1648066904.0
File C:\Users\User\AppData\Local\Programs\Python\Python310\DLLs\_hashlib.pyd first seen with mtime 1662376694.0
File C:\Users\User\AppData\Local\Programs\Python\Python310\Lib\contextlib.py first seen with mtime 1648066904.0
File C:\Users\User\Desktop\Python_projects\Django\Simple\.venv\Lib\site-packages\django\db\models\sql\__init__.py first seen with mtime 1692954390.0027194
File C:\Users\User\Desktop\Python_projects\Django\Simple\.venv\Lib\site-packages\django\contrib\admin\decorators.py first seen with mtime 1692954386.293738
File C:\Users\User\Desktop\Python_projects\Django\Simple\.venv\Lib\site-packages\django\db\backends\sqlite3\introspection.py first seen with mtime 1692954389.9450867
File C:\Users\User\AppData\Local\Programs\Python\Python310\Lib\email\_parseaddr.py first seen with mtime 1662376652.0
File C:\Users\User\Desktop\Python_projects\Django\Simple\.venv\Lib\site-packages\django\contrib\admin\utils.py first seen with mtime 1692954386.294839
File C:\Users\User\Desktop\Python_projects\Django\Simple\.venv\Lib\site-packages\django\templatetags\cache.py first seen with mtime 1692954390.1323545
File C:\Users\User\AppData\Local\Programs\Python\Python310\Lib\asyncio\windows_utils.py first seen with mtime 1648066904.0
File C:\Users\User\AppData\Local\Programs\Python\Python310\Lib\concurrent\__init__.py first seen with mtime 1648066904.0
File C:\Users\User\Desktop\Python_projects\Django\Simple\.venv\Lib\site-packages\django\db\models\constants.py first seen with mtime 1692954389.9734802
File C:\Users\User\Desktop\Python_projects\Django\Simple\maincourse\maincourse\settings.py first seen with mtime 1692957925.2403228
File C:\Users\User\Desktop\Python_projects\Django\Simple\.venv\Lib\site-packages\django\apps\__init__.py first seen with mtime 1692954385.7232919
File C:\Users\User\Desktop\Python_projects\Django\Simple\.venv\Lib\site-packages\django\core\cache\backends\filebased.py first seen with mtime 1692954389.7994025
File C:\Users\User\Desktop\Python_projects\Django\Simple\.venv\Lib\site-packages\django\core\checks\model_checks.py first seen with mtime 1692954389.8151126
File C:\Users\User\Desktop\Python_projects\Django\Simple\.venv\Lib\site-packages\django\core\files\storage\memory.py first seen with mtime 1692954389.838783
File C:\Users\User\Desktop\Python_projects\Django\Simple\maincourse\main\models.py first seen with mtime 1692955315.2623115
File C:\Users\User\AppData\Local\Programs\Python\Python310\Lib\platform.py first seen with mtime 1648066904.0
File C:\Users\User\Desktop\Python_projects\Django\Simple\.venv\Lib\site-packages\django\db\models\fields\related_descriptors.py first seen with mtime 1692954389.9884896
File C:\Users\User\AppData\Local\Programs\Python\Python310\Lib\dis.py first seen with mtime 1648066904.0
File C:\Users\User\Desktop\Python_projects\Django\Simple\.venv\Lib\site-packages\django\views\generic\__init__.py first seen with mtime 1692954390.209422
File C:\Users\User\AppData\Local\Programs\Python\Python310\Lib\threading.py first seen with mtime 1662376652.0
File C:\Users\User\Desktop\Python_projects\Django\Simple\.venv\Lib\site-packages\django\template\engine.py first seen with mtime 1692954390.1157322
File C:\Users\User\AppData\Local\Programs\Python\Python310\Lib\urllib\__init__.py first seen with mtime 1648066906.0
File C:\Users\User\AppData\Local\Programs\Python\Python310\Lib\urllib\error.py first seen with mtime 1648066906.0
File C:\Users\User\AppData\Local\Programs\Python\Python310\Lib\copy.py first seen with mtime 1662376652.0
File C:\Users\User\Desktop\Python_projects\Django\Simple\.venv\Lib\site-packages\django\core\checks\registry.py first seen with mtime 1692954389.816164
File C:\Users\User\Desktop\Python_projects\Django\Simple\maincourse\maincourse\__init__.py first seen with mtime 1692954505.26437
File C:\Users\User\AppData\Local\Programs\Python\Python310\Lib\html\entities.py first seen with mtime 1662376652.0
File C:\Users\User\AppData\Local\Programs\Python\Python310\Lib\queue.py first seen with mtime 1662376652.0
File C:\Users\User\Desktop\Python_projects\Django\Simple\.venv\Lib\site-packages\django\contrib\sites\__init__.py first seen with mtime 1692954389.5147476
File C:\Users\User\AppData\Local\Programs\Python\Python310\Lib\pprint.py first seen with mtime 1648066904.0
File C:\Users\User\Desktop\Python_projects\Django\Simple\.venv\Lib\site-packages\django\core\signing.py first seen with mtime 1692954389.7848938
File C:\Users\User\Desktop\Python_projects\Django\Simple\maincourse\maincourse\urls.py first seen with mtime 1692954505.254349
File C:\Users\User\Desktop\Python_projects\Django\Simple\.venv\Lib\site-packages\django\utils\dateformat.py first seen with mtime 1692954390.1578698
File C:\Users\User\Desktop\Python_projects\Django\Simple\.venv\Lib\site-packages\django\core\files\uploadhandler.py first seen with mtime 1692954389.8308518
File C:\Users\User\Desktop\Python_projects\Django\Simple\.venv\Lib\site-packages\django\db\models\indexes.py first seen with mtime 1692954389.9734802
File C:\Users\User\AppData\Local\Programs\Python\Python310\Lib\wsgiref\__init__.py first seen with mtime 1648066906.0
File C:\Users\User\AppData\Local\Programs\Python\Python310\Lib\importlib\machinery.py first seen with mtime 1648066904.0
File C:\Users\User\Desktop\Python_projects\Django\Simple\.venv\Lib\site-packages\django\utils\cache.py first seen with mtime 1692954390.1578698
File C:\Users\User\AppData\Local\Programs\Python\Python310\Lib\dataclasses.py first seen with mtime 1648066904.0
File C:\Users\User\AppData\Local\Programs\Python\Python310\Lib\urllib\parse.py first seen with mtime 1648066906.0
File C:\Users\User\AppData\Local\Programs\Python\Python310\Lib\typing.py first seen with mtime 1662376652.0
File C:\Users\User\Desktop\Python_projects\Django\Simple\.venv\Lib\site-packages\django\contrib\messages\storage\base.py first seen with mtime 1692954388.7900262
File C:\Users\User\Desktop\Python_projects\Django\Simple\.venv\Lib\site-packages\django\db\backends\base\introspection.py first seen with mtime 1692954389.89344
File C:\Users\User\AppData\Local\Programs\Python\Python310\Lib\sre_compile.py first seen with mtime 1662376652.0
File C:\Users\User\AppData\Local\Programs\Python\Python310\DLLs\select.pyd first seen with mtime 1662376694.0
File C:\Users\User\AppData\Local\Programs\Python\Python310\DLLs\_uuid.pyd first seen with mtime 1662376694.0
File C:\Users\User\Desktop\Python_projects\Django\Simple\.venv\Lib\site-packages\django\apps\registry.py first seen with mtime 1692954385.7253287
File C:\Users\User\Desktop\Python_projects\Django\Simple\.venv\Lib\site-packages\sqlparse\filters\tokens.py first seen with mtime 1692954384.7980802
File C:\Users\User\AppData\Local\Programs\Python\Python310\Lib\email\parser.py first seen with mtime 1648066904.0
File C:\Users\User\AppData\Local\Programs\Python\Python310\Lib\concurrent\futures\__init__.py first seen with mtime 1648066904.0
File C:\Users\User\Desktop\Python_projects\Django\Simple\.venv\Lib\site-packages\django\contrib\sessions\middleware.py first seen with mtime 1692954389.2621264
File C:\Users\User\Desktop\Python_projects\Django\Simple\.venv\Lib\site-packages\django\db\utils.py first seen with mtime 1692954389.89344
File C:\Users\User\Desktop\Python_projects\Django\Simple\.venv\Lib\site-packages\django\contrib\admin\templatetags\base.py first seen with mtime 1692954386.8515604
File C:\Users\User\AppData\Local\Programs\Python\Python310\Lib\mimetypes.py first seen with mtime 1648066904.0
File C:\Users\User\AppData\Local\Programs\Python\Python310\Lib\asyncio\runners.py first seen with mtime 1648066904.0
File C:\Users\User\Desktop\Python_projects\Django\Simple\.venv\Lib\site-packages\django\template\loader.py first seen with mtime 1692954390.118739
File C:\Users\User\AppData\Local\Programs\Python\Python310\Lib\zoneinfo\__init__.py first seen with mtime 1648066906.0
File C:\Users\User\Desktop\Python_projects\Django\Simple\.venv\Lib\site-packages\django\core\files\uploadedfile.py first seen with mtime 1692954389.8273377
File C:\Users\User\AppData\Local\Programs\Python\Python310\Lib\collections\__init__.py first seen with mtime 1648066904.0
File C:\Users\User\Desktop\Python_projects\Django\Simple\.venv\Lib\site-packages\django\contrib\auth\apps.py first seen with mtime 1692954387.117056
File C:\Users\User\Desktop\Python_projects\Django\Simple\.venv\Lib\site-packages\sqlparse\filters\output.py first seen with mtime 1692954384.787065
File C:\Users\User\AppData\Local\Programs\Python\Python310\Lib\sysconfig.py first seen with mtime 1648066904.0
File C:\Users\User\AppData\Local\Programs\Python\Python310\Lib\_weakrefset.py first seen with mtime 1648066904.0
File C:\Users\User\Desktop\Python_projects\Django\Simple\maincourse\manage.py first seen with mtime 1692954505.2311902
File C:\Users\User\Desktop\Python_projects\Django\Simple\.venv\Lib\site-packages\django\core\cache\backends\base.py first seen with mtime 1692954389.7994025
File C:\Users\User\Desktop\Python_projects\Django\Simple\.venv\Lib\site-packages\django\core\checks\security\base.py first seen with mtime 1692954389.82045
File C:\Users\User\AppData\Local\Programs\Python\Python310\Lib\types.py first seen with mtime 1648066904.0
File C:\Users\User\AppData\Local\Programs\Python\Python310\Lib\email\mime\__init__.py first seen with mtime 1648066904.0
File C:\Users\User\Desktop\Python_projects\Django\Simple\.venv\Lib\site-packages\django\forms\forms.py first seen with mtime 1692954390.017391
File C:\Users\User\Desktop\Python_projects\Django\Simple\.venv\Lib\site-packages\django\contrib\sessions\base_session.py first seen with mtime 1692954389.2594397
File C:\Users\User\Desktop\Python_projects\Django\Simple\.venv\Lib\site-packages\django\views\generic\edit.py first seen with mtime 1692954390.212648
File C:\Users\User\AppData\Local\Programs\Python\Python310\Lib\opcode.py first seen with mtime 1648066904.0
File C:\Users\User\Desktop\Python_projects\Django\Simple\.venv\Lib\site-packages\django\views\static.py first seen with mtime 1692954390.1998699
File C:\Users\User\Desktop\Python_projects\Django\Simple\.venv\Lib\site-packages\django\middleware\csrf.py first seen with mtime 1692954390.1023052
File C:\Users\User\Desktop\Python_projects\Django\Simple\.venv\Lib\site-packages\django\utils\dates.py first seen with mtime 1692954390.1578698
File C:\Users\User\Desktop\Python_projects\Django\Simple\.venv\Lib\site-packages\django\utils\ipv6.py first seen with mtime 1692954390.173503
File C:\Users\User\AppData\Local\Programs\Python\Python310\Lib\heapq.py first seen with mtime 1648066904.0
File C:\Users\User\Desktop\Python_projects\Django\Simple\.venv\Lib\site-packages\django\contrib\staticfiles\management\commands\__init__.py first seen with mtime 1692954389.7848938
File C:\Users\User\Desktop\Python_projects\Django\Simple\.venv\Lib\site-packages\_distutils_hack\__init__.py first seen with mtime 1692954344.0109787
File C:\Users\User\Desktop\Python_projects\Django\Simple\.venv\Lib\site-packages\django\forms\__init__.py first seen with mtime 1692954390.0149412
File C:\Users\User\Desktop\Python_projects\Django\Simple\.venv\Lib\site-packages\django\contrib\admin\views\main.py first seen with mtime 1692954386.8515604
File C:\Users\User\Desktop\Python_projects\Django\Simple\.venv\Lib\site-packages\django\contrib\auth\tokens.py first seen with mtime 1692954387.130176
File C:\Users\User\Desktop\Python_projects\Django\Simple\.venv\Lib\site-packages\django\urls\conf.py first seen with mtime 1692954390.144362
File C:\Users\User\Desktop\Python_projects\Django\Simple\.venv\Lib\site-packages\django\utils\translation\trans_null.py first seen with mtime 1692954390.1937888
File C:\Users\User\Desktop\Python_projects\Django\Simple\.venv\Lib\site-packages\django\contrib\auth\password_validation.py first seen with mtime 1692954387.130176
File C:\Users\User\Desktop\Python_projects\Django\Simple\.venv\Lib\site-packages\django\core\checks\templates.py first seen with mtime 1692954389.8166716
File C:\Users\User\Desktop\Python_projects\Django\Simple\.venv\Lib\site-packages\django\db\models\deletion.py first seen with mtime 1692954389.9734802
File C:\Users\User\Desktop\Python_projects\Django\Simple\.venv\Lib\site-packages\django\db\models\constraints.py first seen with mtime 1692954389.9734802
File C:\Users\User\Desktop\Python_projects\Django\Simple\.venv\Lib\site-packages\django\contrib\sites\requests.py first seen with mtime 1692954389.5147476
File C:\Users\User\Desktop\Python_projects\Django\Simple\.venv\Lib\site-packages\django\core\validators.py first seen with mtime 1692954389.7848938
File C:\Users\User\AppData\Local\Programs\Python\Python310\Lib\urllib\response.py first seen with mtime 1648066906.0
File C:\Users\User\Desktop\Python_projects\Django\Simple\.venv\Lib\site-packages\django\db\models\sql\query.py first seen with mtime 1692954390.0075529
File C:\Users\User\AppData\Local\Programs\Python\Python310\Lib\concurrent\futures\thread.py first seen with mtime 1648066904.0
File C:\Users\User\Desktop\Python_projects\Django\Simple\.venv\Lib\site-packages\asgiref\sync.py first seen with mtime 1692954385.4763148
File C:\Users\User\Desktop\Python_projects\Django\Simple\.venv\Lib\site-packages\django\db\migrations\executor.py first seen with mtime 1692954389.9450867
File C:\Users\User\Desktop\Python_projects\Django\Simple\.venv\Lib\site-packages\django\middleware\common.py first seen with mtime 1692954390.1023052
File C:\Users\User\Desktop\Python_projects\Django\Simple\.venv\Lib\site-packages\django\contrib\auth\migrations\0011_update_proxy_permissions.py first seen with mtime 1692954387.3688705
File C:\Users\User\Desktop\Python_projects\Django\Simple\.venv\Lib\site-packages\django\contrib\admin\migrations\0002_logentry_remove_auto_add.py first seen with mtime 1692954386.7014332
File C:\Users\User\Desktop\Python_projects\Django\Simple\.venv\Lib\site-packages\django\conf\urls\__init__.py first seen with mtime 1692954386.2852302
File C:\Users\User\Desktop\Python_projects\Django\Simple\maincourse\maincourse\wsgi.py first seen with mtime 1692954505.26437
File C:\Users\User\Desktop\Python_projects\Django\Simple\.venv\Lib\site-packages\django\contrib\messages\middleware.py first seen with mtime 1692954388.7900262
File C:\Users\User\Desktop\Python_projects\Django\Simple\.venv\Lib\site-packages\django\contrib\auth\migrations\0002_alter_permission_name_max_length.py first seen with mtime 1692954387.3623857
File C:\Users\User\Desktop\Python_projects\Django\Simple\.venv\Lib\site-packages\django\contrib\auth\migrations\0010_alter_group_name_max_length.py first seen with mtime 1692954387.3688705
File C:\Users\User\Desktop\Python_projects\Django\Simple\.venv\Lib\site-packages\django\db\migrations\loader.py first seen with mtime 1692954389.9565947
File C:\Users\User\Desktop\Python_projects\Django\Simple\.venv\Lib\site-packages\django\contrib\admin\migrations\__init__.py first seen with mtime 1692954386.7014332
File C:\Users\User\Desktop\Python_projects\Django\Simple\.venv\Lib\site-packages\django\middleware\clickjacking.py first seen with mtime 1692954390.1023052
File C:\Users\User\Desktop\Python_projects\Django\Simple\maincourse\main\migrations\__init__.py first seen with mtime 1692955315.2905633
File C:\Users\User\Desktop\Python_projects\Django\Simple\.venv\Lib\site-packages\django\contrib\auth\migrations\0009_alter_user_last_name_max_length.py first seen with mtime 1692954387.3677993
File C:\Users\User\Desktop\Python_projects\Django\Simple\.venv\Lib\site-packages\django\contrib\auth\migrations\0008_alter_user_username_max_length.py first seen with mtime 1692954387.366444
File C:\Users\User\Desktop\Python_projects\Django\Simple\.venv\Lib\site-packages\django\contrib\sessions\migrations\0001_initial.py first seen with mtime 1692954389.507604
File C:\Users\User\Desktop\Python_projects\Django\Simple\.venv\Lib\site-packages\django\db\migrations\graph.py first seen with mtime 1692954389.9450867
File C:\Users\User\Desktop\Python_projects\Django\Simple\.venv\Lib\site-packages\django\contrib\auth\migrations\0007_alter_validators_add_error_messages.py first seen with mtime 1692954387.366444
File C:\Users\User\Desktop\Python_projects\Django\Simple\.venv\Lib\site-packages\django\contrib\auth\migrations\0004_alter_user_username_opts.py first seen with mtime 1692954387.3623857
File C:\Users\User\Desktop\Python_projects\Django\Simple\.venv\Lib\site-packages\django\contrib\auth\migrations\0012_alter_user_first_name_max_length.py first seen with mtime 1692954387.3707027
File C:\Users\User\Desktop\Python_projects\Django\Simple\.venv\Lib\site-packages\django\views\defaults.py first seen with mtime 1692954390.1987724
File C:\Users\User\Desktop\Python_projects\Django\Simple\.venv\Lib\site-packages\django\contrib\sessions\migrations\__init__.py first seen with mtime 1692954389.50966
File C:\Users\User\AppData\Local\Programs\Python\Python310\Lib\stringprep.py first seen with mtime 1648066904.0
File C:\Users\User\Desktop\Python_projects\Django\Simple\.venv\Lib\site-packages\django\db\migrations\recorder.py first seen with mtime 1692954389.958224
File C:\Users\User\AppData\Local\Programs\Python\Python310\Lib\encodings\idna.py first seen with mtime 1648066904.0
File C:\Users\User\Desktop\Python_projects\Django\Simple\.venv\Lib\site-packages\django\contrib\auth\migrations\0001_initial.py first seen with mtime 1692954387.353879
File C:\Users\User\Desktop\Python_projects\Django\Simple\.venv\Lib\site-packages\django\contrib\contenttypes\migrations\0001_initial.py first seen with mtime 1692954387.5989037
File C:\Users\User\Desktop\Python_projects\Django\Simple\.venv\Lib\site-packages\django\contrib\admin\migrations\0003_logentry_add_action_flag_choices.py first seen with mtime 1692954386.7014332
File C:\Users\User\Desktop\Python_projects\Django\Simple\.venv\Lib\site-packages\django\contrib\auth\migrations\__init__.py first seen with mtime 1692954387.3707027
File C:\Users\User\Desktop\Python_projects\Django\Simple\.venv\Lib\site-packages\django\contrib\sessions\backends\db.py first seen with mtime 1692954389.2705922
File C:\Users\User\Desktop\Python_projects\Django\Simple\.venv\Lib\site-packages\django\contrib\contenttypes\migrations\__init__.py first seen with mtime 1692954387.5989037
File C:\Users\User\Desktop\Python_projects\Django\Simple\.venv\Lib\site-packages\django\contrib\contenttypes\migrations\0002_remove_content_type_name.py first seen with mtime 1692954387.5989037
File C:\Users\User\Desktop\Python_projects\Django\Simple\.venv\Lib\site-packages\django\contrib\auth\migrations\0005_alter_user_last_login_null.py first seen with mtime 1692954387.3623857
File C:\Users\User\Desktop\Python_projects\Django\Simple\.venv\Lib\site-packages\django\contrib\auth\migrations\0003_alter_user_email_max_length.py first seen with mtime 1692954387.3623857
File C:\Users\User\Desktop\Python_projects\Django\Simple\.venv\Lib\site-packages\django\contrib\auth\migrations\0006_require_contenttypes_0002.py first seen with mtime 1692954387.3623857
File C:\Users\User\Desktop\Python_projects\Django\Simple\.venv\Lib\site-packages\django\contrib\admin\migrations\0001_initial.py first seen with mtime 1692954386.7014332
